2025-09-23 19:05:52 [main] INFO  es.wara.SliderApp - INICIO DE SLIDERAPP.
2025-09-23 19:05:52 [JavaFX Application Thread] DEBUG es.wara.SliderApp - Buscando archivo FXML...
2025-09-23 19:05:52 [JavaFX Application Thread] INFO  es.wara.PaletaController - Color actualizado a RGB(0, 0, 0)
2025-09-23 19:05:52 [JavaFX Application Thread] DEBUG es.wara.SliderApp - Archivo FXML cargado correctamente.
2025-09-23 19:05:52 [JavaFX Application Thread] DEBUG es.wara.SliderApp - Buscando hoja de estilos CSS...
2025-09-23 19:05:52 [JavaFX Application Thread] DEBUG es.wara.SliderApp - Hoja de estilos CSS cargada correctamente.
2025-09-23 19:05:52 [JavaFX Application Thread] DEBUG es.wara.SliderApp - Mostrando la ventana principal.
2025-09-23 19:06:00 [JavaFX Application Thread] INFO  es.wara.PaletaController - Color actualizado a RGB(0, 0, 0)
2025-09-23 19:06:01 [JavaFX Application Thread] INFO  es.wara.PaletaController - Color actualizado a RGB(119, 0, 0)
2025-09-23 19:06:02 [JavaFX Application Thread] INFO  es.wara.PaletaController - Color actualizado a RGB(119, 133, 0)
2025-09-23 19:06:03 [JavaFX Application Thread] INFO  es.wara.PaletaController - Color actualizado a RGB(119, 133, 0)
2025-09-23 19:06:04 [JavaFX Application Thread] INFO  es.wara.PaletaController - Color actualizado a RGB(119, 133, 0)
2025-09-23 19:06:05 [JavaFX Application Thread] INFO  es.wara.PaletaController - Color actualizado a RGB(119, 133, 0)
2025-09-23 19:06:05 [JavaFX Application Thread] INFO  es.wara.PaletaController - Color actualizado a RGB(119, 133, 131)
2025-09-23 19:06:06 [JavaFX Application Thread] INFO  es.wara.PaletaController - Texto copiado al portapapeles: RGB(119, 133, 131)
2025-09-23 19:12:18 [main] INFO  es.wara.SliderApp - INICIO DE SLIDERAPP.
2025-09-23 19:12:18 [JavaFX Application Thread] DEBUG es.wara.SliderApp - Buscando archivo FXML...
2025-09-23 19:12:18 [JavaFX Application Thread] INFO  es.wara.PaletaController - Color actualizado a RGB(0, 0, 0)
2025-09-23 19:12:18 [JavaFX Application Thread] DEBUG es.wara.SliderApp - Archivo FXML cargado correctamente.
2025-09-23 19:12:18 [JavaFX Application Thread] DEBUG es.wara.SliderApp - Buscando hoja de estilos CSS...
2025-09-23 19:12:18 [JavaFX Application Thread] DEBUG es.wara.SliderApp - Hoja de estilos CSS cargada correctamente.
2025-09-23 19:12:18 [JavaFX Application Thread] DEBUG es.wara.SliderApp - Mostrando la ventana principal.
2025-09-23 19:12:24 [JavaFX Application Thread] INFO  es.wara.PaletaController - Texto copiado al portapapeles: RGB(0, 0, 0)
2025-09-23 19:12:25 [JavaFX Application Thread] INFO  es.wara.PaletaController - Texto copiado al portapapeles: RGB(0, 0, 0)
2025-09-23 19:12:26 [JavaFX Application Thread] INFO  es.wara.PaletaController - Texto copiado al portapapeles: RGB(0, 0, 0)
2025-09-23 19:12:30 [JavaFX Application Thread] INFO  es.wara.PaletaController - Texto copiado al portapapeles: RGB(0, 0, 0)
2025-09-23 19:12:47 [JavaFX Application Thread] INFO  es.wara.PaletaController - Color actualizado a RGB(0, 0, 0)
2025-09-23 19:12:48 [JavaFX Application Thread] INFO  es.wara.PaletaController - Color actualizado a RGB(0, 0, 0)
2025-09-23 19:12:48 [JavaFX Application Thread] INFO  es.wara.PaletaController - Color actualizado a RGB(0, 0, 0)
2025-09-23 19:12:48 [JavaFX Application Thread] INFO  es.wara.PaletaController - Color actualizado a RGB(0, 0, 0)
2025-09-23 19:12:49 [JavaFX Application Thread] INFO  es.wara.PaletaController - Color actualizado a RGB(0, 0, 0)
2025-09-23 19:12:50 [JavaFX Application Thread] INFO  es.wara.PaletaController - Color actualizado a RGB(0, 0, 0)
2025-09-23 19:12:50 [JavaFX Application Thread] INFO  es.wara.PaletaController - Color actualizado a RGB(0, 0, 0)
2025-09-23 19:12:52 [JavaFX Application Thread] INFO  es.wara.PaletaController - Color actualizado a RGB(0, 0, 0)
2025-09-23 19:12:53 [JavaFX Application Thread] INFO  es.wara.PaletaController - Color actualizado a RGB(0, 0, 0)
2025-09-23 19:12:56 [JavaFX Application Thread] INFO  es.wara.PaletaController - Color actualizado a RGB(0, 0, 0)
2025-09-23 19:12:56 [JavaFX Application Thread] INFO  es.wara.PaletaController - Color actualizado a RGB(0, 0, 0)
2025-09-23 19:12:57 [JavaFX Application Thread] INFO  es.wara.PaletaController - Color actualizado a RGB(0, 0, 0)
2025-09-23 19:12:57 [JavaFX Application Thread] INFO  es.wara.PaletaController - Color actualizado a RGB(0, 0, 0)
2025-09-23 19:16:25 [main] INFO  es.wara.SliderApp - INICIO DE SLIDERAPP.
2025-09-23 19:16:25 [JavaFX Application Thread] DEBUG es.wara.SliderApp - Buscando archivo FXML...
2025-09-23 19:16:25 [JavaFX Application Thread] INFO  es.wara.PaletaController - Color actualizado a RGB(0, 0, 0)
2025-09-23 19:16:25 [JavaFX Application Thread] DEBUG es.wara.SliderApp - Archivo FXML cargado correctamente.
2025-09-23 19:16:25 [JavaFX Application Thread] DEBUG es.wara.SliderApp - Buscando hoja de estilos CSS...
2025-09-23 19:16:25 [JavaFX Application Thread] DEBUG es.wara.SliderApp - Hoja de estilos CSS cargada correctamente.
2025-09-23 19:16:25 [JavaFX Application Thread] DEBUG es.wara.SliderApp - Mostrando la ventana principal.
2025-09-23 19:16:27 [JavaFX Application Thread] INFO  es.wara.PaletaController - Texto copiado al portapapeles: RGB(0, 0, 0)
2025-09-23 19:16:30 [JavaFX Application Thread] INFO  es.wara.PaletaController - Texto copiado al portapapeles: RGB(0, 0, 0)
2025-09-23 19:21:47 [main] INFO  es.wara.SliderApp - INICIO DE SLIDERAPP.
2025-09-23 19:21:47 [JavaFX Application Thread] DEBUG es.wara.SliderApp - Buscando archivo FXML...
2025-09-23 19:21:47 [JavaFX Application Thread] INFO  es.wara.PaletaController - Color actualizado a RGB(0, 0, 0)
2025-09-23 19:21:47 [JavaFX Application Thread] DEBUG es.wara.SliderApp - Archivo FXML cargado correctamente.
2025-09-23 19:21:47 [JavaFX Application Thread] DEBUG es.wara.SliderApp - Buscando hoja de estilos CSS...
2025-09-23 19:21:47 [JavaFX Application Thread] DEBUG es.wara.SliderApp - Hoja de estilos CSS cargada correctamente.
2025-09-23 19:21:47 [JavaFX Application Thread] DEBUG es.wara.SliderApp - Mostrando la ventana principal.
2025-09-23 19:21:49 [JavaFX Application Thread] INFO  es.wara.PaletaController - Color actualizado a RGB(77, 0, 0)
2025-09-23 19:21:50 [JavaFX Application Thread] INFO  es.wara.PaletaController - Color actualizado a RGB(77, 123, 0)
2025-09-23 19:21:51 [JavaFX Application Thread] INFO  es.wara.PaletaController - Color actualizado a RGB(77, 123, 147)
2025-09-23 19:21:52 [JavaFX Application Thread] INFO  es.wara.PaletaController - Texto copiado al portapapeles: RGB(77, 123, 147)
2025-09-23 19:21:58 [JavaFX Application Thread] INFO  es.wara.PaletaController - Texto copiado al portapapeles: RGB(77, 123, 147)
2025-09-23 19:29:35 [main] INFO  es.wara.SliderApp - INICIO DE SLIDERAPP.
2025-09-23 19:29:35 [JavaFX Application Thread] DEBUG es.wara.SliderApp - Buscando archivo FXML...
2025-09-23 19:29:36 [JavaFX Application Thread] INFO  es.wara.PaletaController - Color actualizado a RGB(0, 0, 0)
2025-09-23 19:29:36 [JavaFX Application Thread] DEBUG es.wara.SliderApp - Archivo FXML cargado correctamente.
2025-09-23 19:29:36 [JavaFX Application Thread] DEBUG es.wara.SliderApp - Buscando hoja de estilos CSS...
2025-09-23 19:29:36 [JavaFX Application Thread] DEBUG es.wara.SliderApp - Hoja de estilos CSS cargada correctamente.
2025-09-23 19:29:36 [JavaFX Application Thread] DEBUG es.wara.SliderApp - Mostrando la ventana principal.
2025-09-23 19:37:17 [main] INFO  es.wara.SliderApp - INICIO DE SLIDERAPP.
2025-09-23 19:37:17 [JavaFX Application Thread] DEBUG es.wara.SliderApp - Buscando archivo FXML...
2025-09-23 19:37:17 [JavaFX Application Thread] INFO  es.wara.PaletaController - Color actualizado a RGB(0, 0, 0)
2025-09-23 19:37:17 [JavaFX Application Thread] DEBUG es.wara.SliderApp - Archivo FXML cargado correctamente.
2025-09-23 19:37:17 [JavaFX Application Thread] DEBUG es.wara.SliderApp - Buscando hoja de estilos CSS...
2025-09-23 19:37:17 [JavaFX Application Thread] DEBUG es.wara.SliderApp - Hoja de estilos CSS cargada correctamente.
2025-09-23 19:37:17 [JavaFX Application Thread] DEBUG es.wara.SliderApp - Mostrando la ventana principal.
2025-09-23 19:55:25 [main] INFO  es.wara.SliderApp - INICIO DE SLIDERAPP.
2025-09-23 19:55:25 [JavaFX Application Thread] DEBUG es.wara.SliderApp - Buscando archivo FXML...
2025-09-23 19:55:25 [JavaFX Application Thread] INFO  es.wara.PaletaController - Color actualizado a RGB(0, 0, 0)
2025-09-23 19:55:25 [JavaFX Application Thread] DEBUG es.wara.SliderApp - Archivo FXML cargado correctamente.
2025-09-23 19:55:25 [JavaFX Application Thread] DEBUG es.wara.SliderApp - Buscando hoja de estilos CSS...
2025-09-23 19:55:25 [JavaFX Application Thread] DEBUG es.wara.SliderApp - Hoja de estilos CSS cargada correctamente.
2025-09-23 19:55:25 [JavaFX Application Thread] DEBUG es.wara.SliderApp - Mostrando la ventana principal.
